<?xml version="1.0" encoding="UTF-8"?>
<testng-results skipped="0" failed="1" ignored="0" total="3" passed="2">
  <reporter-output>
  </reporter-output>
  <suite name="Easyeat_UseApp" duration-ms="36494" started-at="2021-12-23T15:47:14 IST" finished-at="2021-12-23T15:47:50 IST">
    <groups>
    </groups>
    <test name="Restaurant search" duration-ms="36494" started-at="2021-12-23T15:47:14 IST" finished-at="2021-12-23T15:47:50 IST">
      <class name="com.easyeat.userapp.testCases.TC_TakeAwayOrder">
        <test-method status="PASS" signature="setup(java.lang.String)[pri:0, instance:com.easyeat.userapp.testCases.TC_TakeAwayOrder@4b53f538]" name="setup" is-config="true" duration-ms="2187" started-at="2021-12-23T15:47:14 IST" finished-at="2021-12-23T15:47:16 IST">
          <params>
            <param index="0">
              <value>
                <![CDATA[chrome]]>
              </value>
            </param>
          </params>
          <reporter-output>
          </reporter-output>
        </test-method> <!-- setup -->
        <test-method status="PASS" signature="open_URL()[pri:1, instance:com.easyeat.userapp.testCases.TC_TakeAwayOrder@4b53f538]" name="open_URL" duration-ms="1606" started-at="2021-12-23T15:47:16 IST" finished-at="2021-12-23T15:47:18 IST">
          <reporter-output>
          </reporter-output>
        </test-method> <!-- open_URL -->
        <test-method status="PASS" signature="verify_restaurant()[pri:2, instance:com.easyeat.userapp.testCases.TC_TakeAwayOrder@4b53f538]" name="verify_restaurant" duration-ms="3489" started-at="2021-12-23T15:47:18 IST" finished-at="2021-12-23T15:47:21 IST">
          <reporter-output>
          </reporter-output>
        </test-method> <!-- verify_restaurant -->
        <test-method status="FAIL" signature="takeaway_Order001()[pri:3, instance:com.easyeat.userapp.testCases.TC_TakeAwayOrder@4b53f538]" name="takeaway_Order001" duration-ms="28304" started-at="2021-12-23T15:47:21 IST" finished-at="2021-12-23T15:47:50 IST">
          <exception class="org.openqa.selenium.ElementClickInterceptedException">
            <message>
              <![CDATA[element click intercepted: Element <div class="fs-16 fw-600">...</div> is not clickable at point (601, 573). Other element would receive the click: <div class="MuiButtonBase-root MuiAccordionSummary-root Mui-expanded" tabindex="0" role="button" aria-disabled="false" aria-expanded="true" aria-controls="panel1a-content" id="panel1a-header">...</div>
  (Session info: chrome=96.0.4664.110)
Build info: version: '3.141.59', revision: 'e82be7d358', time: '2018-11-14T08:25:48'
System info: host: 'LAPTOP-L511VK1E', ip: '192.168.1.90', os.name: 'Windows 10', os.arch: 'amd64', os.version: '10.0', java.version: '1.8.0_144'
Driver info: org.openqa.selenium.chrome.ChromeDriver
Capabilities {acceptInsecureCerts: false, browserName: chrome, browserVersion: 96.0.4664.110, chrome: {chromedriverVersion: 96.0.4664.45 (76e4c1bb2ab46..., userDataDir: C:\Users\samsn\AppData\Loca...}, goog:chromeOptions: {debuggerAddress: localhost:61407}, javascriptEnabled: true, networkConnectionEnabled: false, pageLoadStrategy: normal, platform: WINDOWS, platformName: WINDOWS, proxy: Proxy(), setWindowRect: true, strictFileInteractability: false, timeouts: {implicit: 0, pageLoad: 300000, script: 30000}, unhandledPromptBehavior: dismiss and notify, webauthn:extension:credBlob: true, webauthn:extension:largeBlob: true, webauthn:virtualAuthenticators: true}
Session ID: 165298270070178249f16d9848eb0cb1]]>
            </message>
            <full-stacktrace>
              <![CDATA[org.openqa.selenium.ElementClickInterceptedException: element click intercepted: Element <div class="fs-16 fw-600">...</div> is not clickable at point (601, 573). Other element would receive the click: <div class="MuiButtonBase-root MuiAccordionSummary-root Mui-expanded" tabindex="0" role="button" aria-disabled="false" aria-expanded="true" aria-controls="panel1a-content" id="panel1a-header">...</div>
  (Session info: chrome=96.0.4664.110)
Build info: version: '3.141.59', revision: 'e82be7d358', time: '2018-11-14T08:25:48'
System info: host: 'LAPTOP-L511VK1E', ip: '192.168.1.90', os.name: 'Windows 10', os.arch: 'amd64', os.version: '10.0', java.version: '1.8.0_144'
Driver info: org.openqa.selenium.chrome.ChromeDriver
Capabilities {acceptInsecureCerts: false, browserName: chrome, browserVersion: 96.0.4664.110, chrome: {chromedriverVersion: 96.0.4664.45 (76e4c1bb2ab46..., userDataDir: C:\Users\samsn\AppData\Loca...}, goog:chromeOptions: {debuggerAddress: localhost:61407}, javascriptEnabled: true, networkConnectionEnabled: false, pageLoadStrategy: normal, platform: WINDOWS, platformName: WINDOWS, proxy: Proxy(), setWindowRect: true, strictFileInteractability: false, timeouts: {implicit: 0, pageLoad: 300000, script: 30000}, unhandledPromptBehavior: dismiss and notify, webauthn:extension:credBlob: true, webauthn:extension:largeBlob: true, webauthn:virtualAuthenticators: true}
Session ID: 165298270070178249f16d9848eb0cb1
at sun.reflect.NativeConstructorAccessorImpl.newInstance0(Native Method)
at sun.reflect.NativeConstructorAccessorImpl.newInstance(NativeConstructorAccessorImpl.java:62)
at sun.reflect.DelegatingConstructorAccessorImpl.newInstance(DelegatingConstructorAccessorImpl.java:45)
at java.lang.reflect.Constructor.newInstance(Constructor.java:423)
at org.openqa.selenium.remote.http.W3CHttpResponseCodec.createException(W3CHttpResponseCodec.java:187)
at org.openqa.selenium.remote.http.W3CHttpResponseCodec.decode(W3CHttpResponseCodec.java:122)
at org.openqa.selenium.remote.http.W3CHttpResponseCodec.decode(W3CHttpResponseCodec.java:49)
at org.openqa.selenium.remote.HttpCommandExecutor.execute(HttpCommandExecutor.java:158)
at org.openqa.selenium.remote.service.DriverCommandExecutor.execute(DriverCommandExecutor.java:83)
at org.openqa.selenium.remote.RemoteWebDriver.execute(RemoteWebDriver.java:552)
at org.openqa.selenium.remote.RemoteWebElement.execute(RemoteWebElement.java:285)
at org.openqa.selenium.remote.RemoteWebElement.click(RemoteWebElement.java:84)
at sun.reflect.NativeMethodAccessorImpl.invoke0(Native Method)
at sun.reflect.NativeMethodAccessorImpl.invoke(NativeMethodAccessorImpl.java:62)
at sun.reflect.DelegatingMethodAccessorImpl.invoke(DelegatingMethodAccessorImpl.java:43)
at java.lang.reflect.Method.invoke(Method.java:498)
at org.openqa.selenium.support.pagefactory.internal.LocatingElementHandler.invoke(LocatingElementHandler.java:51)
at com.sun.proxy.$Proxy11.click(Unknown Source)
at com.easyeat.userapp.pageobjects.TakeAway_Order.select_onlinefpx(TakeAway_Order.java:225)
at com.easyeat.userapp.testCases.TC_TakeAwayOrder.takeaway_Order001(TC_TakeAwayOrder.java:112)
at sun.reflect.NativeMethodAccessorImpl.invoke0(Native Method)
at sun.reflect.NativeMethodAccessorImpl.invoke(NativeMethodAccessorImpl.java:62)
at sun.reflect.DelegatingMethodAccessorImpl.invoke(DelegatingMethodAccessorImpl.java:43)
at java.lang.reflect.Method.invoke(Method.java:498)
at org.testng.internal.MethodInvocationHelper.invokeMethod(MethodInvocationHelper.java:133)
at org.testng.internal.TestInvoker.invokeMethod(TestInvoker.java:598)
at org.testng.internal.TestInvoker.invokeTestMethod(TestInvoker.java:173)
at org.testng.internal.MethodRunner.runInSequence(MethodRunner.java:46)
at org.testng.internal.TestInvoker$MethodInvocationAgent.invoke(TestInvoker.java:824)
at org.testng.internal.TestInvoker.invokeTestMethods(TestInvoker.java:146)
at org.testng.internal.TestMethodWorker.invokeTestMethods(TestMethodWorker.java:146)
at org.testng.internal.TestMethodWorker.run(TestMethodWorker.java:128)
at java.util.concurrent.ThreadPoolExecutor.runWorker(ThreadPoolExecutor.java:1149)
at java.util.concurrent.ThreadPoolExecutor$Worker.run(ThreadPoolExecutor.java:624)
at java.lang.Thread.run(Thread.java:748)
]]>
            </full-stacktrace>
          </exception> <!-- org.openqa.selenium.ElementClickInterceptedException -->
          <reporter-output>
          </reporter-output>
        </test-method> <!-- takeaway_Order001 -->
        <test-method status="PASS" signature="teardown()[pri:0, instance:com.easyeat.userapp.testCases.TC_TakeAwayOrder@4b53f538]" name="teardown" is-config="true" duration-ms="748" started-at="2021-12-23T15:47:50 IST" finished-at="2021-12-23T15:47:50 IST">
          <reporter-output>
          </reporter-output>
        </test-method> <!-- teardown -->
      </class> <!-- com.easyeat.userapp.testCases.TC_TakeAwayOrder -->
    </test> <!-- Restaurant search -->
  </suite> <!-- Easyeat_UseApp -->
</testng-results>
